{"C:\\Users\\cagri\\Desktop\\Final-countdown\\final-countdown\\src\\app.js": {"path":"C:\\Users\\cagri\\Desktop\\Final-countdown\\final-countdown\\src\\app.js","statementMap":{"0":{"start":{"line":9,"column":4},"end":{"line":15,"column":6}}},"fnMap":{"0":{"name":"App","decl":{"start":{"line":8,"column":9},"end":{"line":8,"column":12}},"loc":{"start":{"line":8,"column":15},"end":{"line":16,"column":1}},"line":8}},"branchMap":{},"s":{"0":1},"f":{"0":1},"b":{},"_coverageSchema":"1a1c01bbd47fc00a2c39e90264f33305004495a9","hash":"c49ce6faa79cb55eef0dd75ac389a8432bb3b3d7"}
,"C:\\Users\\cagri\\Desktop\\Final-countdown\\final-countdown\\src\\index.js": {"path":"C:\\Users\\cagri\\Desktop\\Final-countdown\\final-countdown\\src\\index.js","statementMap":{"0":{"start":{"line":5,"column":15},"end":{"line":5,"column":45}},"1":{"start":{"line":7,"column":0},"end":{"line":7,"column":24}},"2":{"start":{"line":9,"column":0},"end":{"line":11,"column":1}},"3":{"start":{"line":10,"column":4},"end":{"line":10,"column":24}}},"fnMap":{},"branchMap":{"0":{"loc":{"start":{"line":9,"column":0},"end":{"line":11,"column":1}},"type":"if","locations":[{"start":{"line":9,"column":0},"end":{"line":11,"column":1}},{"start":{"line":9,"column":0},"end":{"line":11,"column":1}}],"line":9}},"s":{"0":0,"1":0,"2":0,"3":0},"f":{},"b":{"0":[0,0]}}
,"C:\\Users\\cagri\\Desktop\\Final-countdown\\final-countdown\\src\\components\\bottom-board\\BottomBoard.js": {"path":"C:\\Users\\cagri\\Desktop\\Final-countdown\\final-countdown\\src\\components\\bottom-board\\BottomBoard.js","statementMap":{"0":{"start":{"line":6,"column":28},"end":{"line":11,"column":1}},"1":{"start":{"line":7,"column":4},"end":{"line":10,"column":5}},"2":{"start":{"line":8,"column":8},"end":{"line":8,"column":46}},"3":{"start":{"line":9,"column":8},"end":{"line":9,"column":21}},"4":{"start":{"line":13,"column":29},"end":{"line":25,"column":1}},"5":{"start":{"line":14,"column":4},"end":{"line":16,"column":5}},"6":{"start":{"line":15,"column":8},"end":{"line":15,"column":21}},"7":{"start":{"line":17,"column":19},"end":{"line":17,"column":49}},"8":{"start":{"line":18,"column":4},"end":{"line":23,"column":5}},"9":{"start":{"line":18,"column":17},"end":{"line":18,"column":18}},"10":{"start":{"line":19,"column":8},"end":{"line":19,"column":44}},"11":{"start":{"line":19,"column":31},"end":{"line":19,"column":44}},"12":{"start":{"line":20,"column":8},"end":{"line":22,"column":9}},"13":{"start":{"line":21,"column":12},"end":{"line":21,"column":25}},"14":{"start":{"line":24,"column":4},"end":{"line":24,"column":16}},"15":{"start":{"line":27,"column":20},"end":{"line":122,"column":1}},"16":{"start":{"line":28,"column":40},"end":{"line":28,"column":90}},"17":{"start":{"line":29,"column":32},"end":{"line":29,"column":44}},"18":{"start":{"line":31,"column":25},"end":{"line":37,"column":5}},"19":{"start":{"line":32,"column":25},"end":{"line":32,"column":38}},"20":{"start":{"line":33,"column":8},"end":{"line":33,"column":29}},"21":{"start":{"line":34,"column":8},"end":{"line":36,"column":10}},"22":{"start":{"line":35,"column":41},"end":{"line":35,"column":111}},"23":{"start":{"line":39,"column":21},"end":{"line":41,"column":5}},"24":{"start":{"line":40,"column":8},"end":{"line":40,"column":54}},"25":{"start":{"line":43,"column":19},"end":{"line":50,"column":5}},"26":{"start":{"line":44,"column":8},"end":{"line":44,"column":22}},"27":{"start":{"line":45,"column":8},"end":{"line":49,"column":9}},"28":{"start":{"line":46,"column":12},"end":{"line":46,"column":71}},"29":{"start":{"line":48,"column":12},"end":{"line":48,"column":19}},"30":{"start":{"line":52,"column":29},"end":{"line":67,"column":5}},"31":{"start":{"line":53,"column":25},"end":{"line":53,"column":38}},"32":{"start":{"line":54,"column":23},"end":{"line":65,"column":9}},"33":{"start":{"line":66,"column":8},"end":{"line":66,"column":30}},"34":{"start":{"line":69,"column":4},"end":{"line":73,"column":24}},"35":{"start":{"line":70,"column":8},"end":{"line":72,"column":9}},"36":{"start":{"line":71,"column":12},"end":{"line":71,"column":31}},"37":{"start":{"line":75,"column":4},"end":{"line":79,"column":21}},"38":{"start":{"line":76,"column":8},"end":{"line":78,"column":9}},"39":{"start":{"line":77,"column":12},"end":{"line":77,"column":27}},"40":{"start":{"line":81,"column":35},"end":{"line":88,"column":5}},"41":{"start":{"line":82,"column":8},"end":{"line":86,"column":9}},"42":{"start":{"line":83,"column":12},"end":{"line":83,"column":30}},"43":{"start":{"line":84,"column":12},"end":{"line":84,"column":32}},"44":{"start":{"line":85,"column":12},"end":{"line":85,"column":25}},"45":{"start":{"line":87,"column":8},"end":{"line":87,"column":21}},"46":{"start":{"line":90,"column":22},"end":{"line":96,"column":5}},"47":{"start":{"line":91,"column":28},"end":{"line":91,"column":43}},"48":{"start":{"line":92,"column":8},"end":{"line":92,"column":90}},"49":{"start":{"line":93,"column":8},"end":{"line":93,"column":42}},"50":{"start":{"line":94,"column":8},"end":{"line":94,"column":50}},"51":{"start":{"line":95,"column":8},"end":{"line":95,"column":37}},"52":{"start":{"line":98,"column":4},"end":{"line":121,"column":6}},"53":{"start":{"line":104,"column":24},"end":{"line":106,"column":25}},"54":{"start":{"line":105,"column":28},"end":{"line":105,"column":42}},"55":{"start":{"line":109,"column":24},"end":{"line":116,"column":26}}},"fnMap":{"0":{"name":"(anonymous_0)","decl":{"start":{"line":6,"column":28},"end":{"line":6,"column":29}},"loc":{"start":{"line":6,"column":39},"end":{"line":11,"column":1}},"line":6},"1":{"name":"(anonymous_1)","decl":{"start":{"line":13,"column":29},"end":{"line":13,"column":30}},"loc":{"start":{"line":13,"column":40},"end":{"line":25,"column":1}},"line":13},"2":{"name":"(anonymous_2)","decl":{"start":{"line":27,"column":20},"end":{"line":27,"column":21}},"loc":{"start":{"line":27,"column":93},"end":{"line":122,"column":1}},"line":27},"3":{"name":"(anonymous_3)","decl":{"start":{"line":31,"column":25},"end":{"line":31,"column":26}},"loc":{"start":{"line":31,"column":31},"end":{"line":37,"column":5}},"line":31},"4":{"name":"(anonymous_4)","decl":{"start":{"line":35,"column":27},"end":{"line":35,"column":28}},"loc":{"start":{"line":35,"column":41},"end":{"line":35,"column":111}},"line":35},"5":{"name":"(anonymous_5)","decl":{"start":{"line":39,"column":21},"end":{"line":39,"column":22}},"loc":{"start":{"line":39,"column":57},"end":{"line":41,"column":5}},"line":39},"6":{"name":"(anonymous_6)","decl":{"start":{"line":43,"column":19},"end":{"line":43,"column":20}},"loc":{"start":{"line":43,"column":38},"end":{"line":50,"column":5}},"line":43},"7":{"name":"(anonymous_7)","decl":{"start":{"line":52,"column":29},"end":{"line":52,"column":30}},"loc":{"start":{"line":52,"column":35},"end":{"line":67,"column":5}},"line":52},"8":{"name":"(anonymous_8)","decl":{"start":{"line":69,"column":14},"end":{"line":69,"column":15}},"loc":{"start":{"line":69,"column":20},"end":{"line":73,"column":5}},"line":69},"9":{"name":"(anonymous_9)","decl":{"start":{"line":75,"column":14},"end":{"line":75,"column":15}},"loc":{"start":{"line":75,"column":20},"end":{"line":79,"column":5}},"line":75},"10":{"name":"(anonymous_10)","decl":{"start":{"line":81,"column":35},"end":{"line":81,"column":36}},"loc":{"start":{"line":81,"column":46},"end":{"line":88,"column":5}},"line":81},"11":{"name":"(anonymous_11)","decl":{"start":{"line":90,"column":22},"end":{"line":90,"column":23}},"loc":{"start":{"line":90,"column":39},"end":{"line":96,"column":5}},"line":90},"12":{"name":"(anonymous_12)","decl":{"start":{"line":103,"column":29},"end":{"line":103,"column":30}},"loc":{"start":{"line":103,"column":36},"end":{"line":107,"column":21}},"line":103},"13":{"name":"(anonymous_13)","decl":{"start":{"line":108,"column":31},"end":{"line":108,"column":32}},"loc":{"start":{"line":109,"column":24},"end":{"line":116,"column":26}},"line":109}},"branchMap":{"0":{"loc":{"start":{"line":7,"column":4},"end":{"line":10,"column":5}},"type":"if","locations":[{"start":{"line":7,"column":4},"end":{"line":10,"column":5}},{"start":{"line":7,"column":4},"end":{"line":10,"column":5}}],"line":7},"1":{"loc":{"start":{"line":14,"column":4},"end":{"line":16,"column":5}},"type":"if","locations":[{"start":{"line":14,"column":4},"end":{"line":16,"column":5}},{"start":{"line":14,"column":4},"end":{"line":16,"column":5}}],"line":14},"2":{"loc":{"start":{"line":19,"column":8},"end":{"line":19,"column":44}},"type":"if","locations":[{"start":{"line":19,"column":8},"end":{"line":19,"column":44}},{"start":{"line":19,"column":8},"end":{"line":19,"column":44}}],"line":19},"3":{"loc":{"start":{"line":20,"column":8},"end":{"line":22,"column":9}},"type":"if","locations":[{"start":{"line":20,"column":8},"end":{"line":22,"column":9}},{"start":{"line":20,"column":8},"end":{"line":22,"column":9}}],"line":20},"4":{"loc":{"start":{"line":45,"column":8},"end":{"line":49,"column":9}},"type":"if","locations":[{"start":{"line":45,"column":8},"end":{"line":49,"column":9}},{"start":{"line":45,"column":8},"end":{"line":49,"column":9}}],"line":45},"5":{"loc":{"start":{"line":45,"column":12},"end":{"line":45,"column":68}},"type":"binary-expr","locations":[{"start":{"line":45,"column":12},"end":{"line":45,"column":28}},{"start":{"line":45,"column":32},"end":{"line":45,"column":68}}],"line":45},"6":{"loc":{"start":{"line":70,"column":8},"end":{"line":72,"column":9}},"type":"if","locations":[{"start":{"line":70,"column":8},"end":{"line":72,"column":9}},{"start":{"line":70,"column":8},"end":{"line":72,"column":9}}],"line":70},"7":{"loc":{"start":{"line":76,"column":8},"end":{"line":78,"column":9}},"type":"if","locations":[{"start":{"line":76,"column":8},"end":{"line":78,"column":9}},{"start":{"line":76,"column":8},"end":{"line":78,"column":9}}],"line":76},"8":{"loc":{"start":{"line":82,"column":8},"end":{"line":86,"column":9}},"type":"if","locations":[{"start":{"line":82,"column":8},"end":{"line":86,"column":9}},{"start":{"line":82,"column":8},"end":{"line":86,"column":9}}],"line":82},"9":{"loc":{"start":{"line":100,"column":13},"end":{"line":119,"column":13}},"type":"binary-expr","locations":[{"start":{"line":100,"column":13},"end":{"line":100,"column":26}},{"start":{"line":101,"column":16},"end":{"line":118,"column":22}}],"line":100},"10":{"loc":{"start":{"line":104,"column":24},"end":{"line":106,"column":25}},"type":"if","locations":[{"start":{"line":104,"column":24},"end":{"line":106,"column":25}},{"start":{"line":104,"column":24},"end":{"line":106,"column":25}}],"line":104},"11":{"loc":{"start":{"line":115,"column":44},"end":{"line":115,"column":73}},"type":"binary-expr","locations":[{"start":{"line":115,"column":44},"end":{"line":115,"column":55}},{"start":{"line":115,"column":59},"end":{"line":115,"column":73}}],"line":115}},"s":{"0":4,"1":1,"2":1,"3":1,"4":4,"5":4,"6":1,"7":3,"8":3,"9":3,"10":33,"11":0,"12":33,"13":2,"14":1,"15":4,"16":4,"17":4,"18":4,"19":0,"20":0,"21":0,"22":0,"23":4,"24":0,"25":4,"26":0,"27":0,"28":0,"29":0,"30":4,"31":0,"32":0,"33":0,"34":4,"35":4,"36":0,"37":4,"38":4,"39":0,"40":4,"41":0,"42":0,"43":0,"44":0,"45":0,"46":4,"47":0,"48":0,"49":0,"50":0,"51":0,"52":4,"53":0,"54":0,"55":0},"f":{"0":1,"1":4,"2":4,"3":0,"4":0,"5":0,"6":0,"7":0,"8":4,"9":4,"10":0,"11":0,"12":0,"13":0},"b":{"0":[1,0],"1":[1,3],"2":[0,33],"3":[2,31],"4":[0,0],"5":[0,0],"6":[0,4],"7":[0,4],"8":[0,0],"9":[4,0],"10":[0,0],"11":[0,0]},"_coverageSchema":"1a1c01bbd47fc00a2c39e90264f33305004495a9","hash":"201c9818d3b73a8d7ecdc07fe8cc49cb24e9d8e0"}
,"C:\\Users\\cagri\\Desktop\\Final-countdown\\final-countdown\\src\\components\\bottom-board-footer\\BottomBoardFooter.js": {"path":"C:\\Users\\cagri\\Desktop\\Final-countdown\\final-countdown\\src\\components\\bottom-board-footer\\BottomBoardFooter.js","statementMap":{"0":{"start":{"line":4,"column":26},"end":{"line":19,"column":1}},"1":{"start":{"line":5,"column":4},"end":{"line":18,"column":6}}},"fnMap":{"0":{"name":"(anonymous_0)","decl":{"start":{"line":4,"column":26},"end":{"line":4,"column":27}},"loc":{"start":{"line":4,"column":62},"end":{"line":19,"column":1}},"line":4}},"branchMap":{"0":{"loc":{"start":{"line":7,"column":13},"end":{"line":11,"column":13}},"type":"binary-expr","locations":[{"start":{"line":7,"column":13},"end":{"line":7,"column":27}},{"start":{"line":8,"column":16},"end":{"line":10,"column":25}}],"line":7},"1":{"loc":{"start":{"line":12,"column":13},"end":{"line":16,"column":13}},"type":"binary-expr","locations":[{"start":{"line":12,"column":13},"end":{"line":12,"column":26}},{"start":{"line":13,"column":16},"end":{"line":15,"column":19}}],"line":12}},"s":{"0":4,"1":5},"f":{"0":5},"b":{"0":[5,4],"1":[5,1]},"_coverageSchema":"1a1c01bbd47fc00a2c39e90264f33305004495a9","hash":"1c08a34f7e56ea7155002bd322b26f45d165edb1"}
,"C:\\Users\\cagri\\Desktop\\Final-countdown\\final-countdown\\src\\components\\card\\Card.js": {"path":"C:\\Users\\cagri\\Desktop\\Final-countdown\\final-countdown\\src\\components\\card\\Card.js","statementMap":{"0":{"start":{"line":18,"column":21},"end":{"line":32,"column":2}},"1":{"start":{"line":34,"column":13},"end":{"line":49,"column":1}},"2":{"start":{"line":35,"column":35},"end":{"line":35,"column":39}},"3":{"start":{"line":36,"column":22},"end":{"line":36,"column":56}},"4":{"start":{"line":37,"column":4},"end":{"line":48,"column":6}},"5":{"start":{"line":40,"column":27},"end":{"line":40,"column":61}}},"fnMap":{"0":{"name":"(anonymous_0)","decl":{"start":{"line":34,"column":13},"end":{"line":34,"column":14}},"loc":{"start":{"line":34,"column":63},"end":{"line":49,"column":1}},"line":34},"1":{"name":"(anonymous_1)","decl":{"start":{"line":40,"column":21},"end":{"line":40,"column":22}},"loc":{"start":{"line":40,"column":27},"end":{"line":40,"column":61}},"line":40}},"branchMap":{"0":{"loc":{"start":{"line":39,"column":30},"end":{"line":39,"column":75}},"type":"cond-expr","locations":[{"start":{"line":39,"column":59},"end":{"line":39,"column":70}},{"start":{"line":39,"column":73},"end":{"line":39,"column":75}}],"line":39},"1":{"loc":{"start":{"line":40,"column":27},"end":{"line":40,"column":61}},"type":"binary-expr","locations":[{"start":{"line":40,"column":27},"end":{"line":40,"column":33}},{"start":{"line":40,"column":37},"end":{"line":40,"column":61}}],"line":40},"2":{"loc":{"start":{"line":45,"column":33},"end":{"line":45,"column":82}},"type":"cond-expr","locations":[{"start":{"line":45,"column":42},"end":{"line":45,"column":61}},{"start":{"line":45,"column":64},"end":{"line":45,"column":82}}],"line":45}},"s":{"0":6,"1":6,"2":4,"3":4,"4":4,"5":0},"f":{"0":4,"1":0},"b":{"0":[1,3],"1":[0,0],"2":[1,3]},"_coverageSchema":"1a1c01bbd47fc00a2c39e90264f33305004495a9","hash":"425e07c938eabdf3b37017128c4cd458665a641b"}
,"C:\\Users\\cagri\\Desktop\\Final-countdown\\final-countdown\\src\\components\\closed-stack\\ClosedStack.js": {"path":"C:\\Users\\cagri\\Desktop\\Final-countdown\\final-countdown\\src\\components\\closed-stack\\ClosedStack.js","statementMap":{"0":{"start":{"line":4,"column":20},"end":{"line":6,"column":1}},"1":{"start":{"line":5,"column":4},"end":{"line":5,"column":111}}},"fnMap":{"0":{"name":"(anonymous_0)","decl":{"start":{"line":4,"column":20},"end":{"line":4,"column":21}},"loc":{"start":{"line":4,"column":44},"end":{"line":6,"column":1}},"line":4}},"branchMap":{},"s":{"0":5,"1":36},"f":{"0":36},"b":{},"_coverageSchema":"1a1c01bbd47fc00a2c39e90264f33305004495a9","hash":"6b89d5d21a883d69488583fc6449bd0321ea6373"}
,"C:\\Users\\cagri\\Desktop\\Final-countdown\\final-countdown\\src\\components\\game-ui\\GameUi.js": {"path":"C:\\Users\\cagri\\Desktop\\Final-countdown\\final-countdown\\src\\components\\game-ui\\GameUi.js","statementMap":{"0":{"start":{"line":8,"column":21},"end":{"line":8,"column":87}},"1":{"start":{"line":9,"column":17},"end":{"line":26,"column":7}},"2":{"start":{"line":20,"column":23},"end":{"line":26,"column":5}},"3":{"start":{"line":28,"column":15},"end":{"line":78,"column":1}},"4":{"start":{"line":29,"column":36},"end":{"line":29,"column":63}},"5":{"start":{"line":30,"column":40},"end":{"line":30,"column":55}},"6":{"start":{"line":31,"column":36},"end":{"line":31,"column":56}},"7":{"start":{"line":32,"column":50},"end":{"line":32,"column":61}},"8":{"start":{"line":33,"column":46},"end":{"line":33,"column":65}},"9":{"start":{"line":34,"column":4},"end":{"line":38,"column":26}},"10":{"start":{"line":35,"column":8},"end":{"line":37,"column":9}},"11":{"start":{"line":36,"column":12},"end":{"line":36,"column":112}},"12":{"start":{"line":40,"column":22},"end":{"line":48,"column":5}},"13":{"start":{"line":41,"column":8},"end":{"line":44,"column":9}},"14":{"start":{"line":42,"column":12},"end":{"line":42,"column":28}},"15":{"start":{"line":43,"column":12},"end":{"line":43,"column":19}},"16":{"start":{"line":45,"column":27},"end":{"line":45,"column":44}},"17":{"start":{"line":46,"column":8},"end":{"line":46,"column":39}},"18":{"start":{"line":47,"column":8},"end":{"line":47,"column":26}},"19":{"start":{"line":50,"column":23},"end":{"line":52,"column":5}},"20":{"start":{"line":51,"column":8},"end":{"line":51,"column":48}},"21":{"start":{"line":54,"column":22},"end":{"line":56,"column":5}},"22":{"start":{"line":55,"column":8},"end":{"line":55,"column":47}},"23":{"start":{"line":58,"column":4},"end":{"line":77,"column":6}},"24":{"start":{"line":63,"column":20},"end":{"line":63,"column":40}}},"fnMap":{"0":{"name":"(anonymous_0)","decl":{"start":{"line":20,"column":9},"end":{"line":20,"column":10}},"loc":{"start":{"line":20,"column":23},"end":{"line":26,"column":5}},"line":20},"1":{"name":"(anonymous_1)","decl":{"start":{"line":28,"column":15},"end":{"line":28,"column":16}},"loc":{"start":{"line":28,"column":21},"end":{"line":78,"column":1}},"line":28},"2":{"name":"(anonymous_2)","decl":{"start":{"line":34,"column":14},"end":{"line":34,"column":15}},"loc":{"start":{"line":34,"column":20},"end":{"line":38,"column":5}},"line":34},"3":{"name":"(anonymous_3)","decl":{"start":{"line":40,"column":22},"end":{"line":40,"column":23}},"loc":{"start":{"line":40,"column":29},"end":{"line":48,"column":5}},"line":40},"4":{"name":"(anonymous_4)","decl":{"start":{"line":50,"column":23},"end":{"line":50,"column":24}},"loc":{"start":{"line":50,"column":29},"end":{"line":52,"column":5}},"line":50},"5":{"name":"(anonymous_5)","decl":{"start":{"line":54,"column":22},"end":{"line":54,"column":23}},"loc":{"start":{"line":54,"column":28},"end":{"line":56,"column":5}},"line":54},"6":{"name":"(anonymous_6)","decl":{"start":{"line":62,"column":29},"end":{"line":62,"column":30}},"loc":{"start":{"line":62,"column":35},"end":{"line":64,"column":17}},"line":62}},"branchMap":{"0":{"loc":{"start":{"line":35,"column":8},"end":{"line":37,"column":9}},"type":"if","locations":[{"start":{"line":35,"column":8},"end":{"line":37,"column":9}},{"start":{"line":35,"column":8},"end":{"line":37,"column":9}}],"line":35},"1":{"loc":{"start":{"line":41,"column":8},"end":{"line":44,"column":9}},"type":"if","locations":[{"start":{"line":41,"column":8},"end":{"line":44,"column":9}},{"start":{"line":41,"column":8},"end":{"line":44,"column":9}}],"line":41}},"s":{"0":3,"1":3,"2":312,"3":3,"4":3,"5":3,"6":3,"7":3,"8":3,"9":3,"10":3,"11":0,"12":3,"13":0,"14":0,"15":0,"16":0,"17":0,"18":0,"19":3,"20":0,"21":3,"22":0,"23":3,"24":0},"f":{"0":312,"1":3,"2":3,"3":0,"4":0,"5":0,"6":0},"b":{"0":[0,3],"1":[0,0]},"_coverageSchema":"1a1c01bbd47fc00a2c39e90264f33305004495a9","hash":"4a8bfce0a69cb55608f19cecbdff701adc90a4d0"}
,"C:\\Users\\cagri\\Desktop\\Final-countdown\\final-countdown\\src\\components\\main\\Main.js": {"path":"C:\\Users\\cagri\\Desktop\\Final-countdown\\final-countdown\\src\\components\\main\\Main.js","statementMap":{"0":{"start":{"line":5,"column":13},"end":{"line":11,"column":1}},"1":{"start":{"line":6,"column":4},"end":{"line":10,"column":6}}},"fnMap":{"0":{"name":"(anonymous_0)","decl":{"start":{"line":5,"column":13},"end":{"line":5,"column":14}},"loc":{"start":{"line":5,"column":19},"end":{"line":11,"column":1}},"line":5}},"branchMap":{},"s":{"0":2,"1":2},"f":{"0":2},"b":{},"_coverageSchema":"1a1c01bbd47fc00a2c39e90264f33305004495a9","hash":"882c1dcbb512c6cac251823cd61d06d5eed74c4a"}
,"C:\\Users\\cagri\\Desktop\\Final-countdown\\final-countdown\\src\\components\\place-holder\\PlaceHolder.js": {"path":"C:\\Users\\cagri\\Desktop\\Final-countdown\\final-countdown\\src\\components\\place-holder\\PlaceHolder.js","statementMap":{"0":{"start":{"line":4,"column":20},"end":{"line":6,"column":1}},"1":{"start":{"line":5,"column":4},"end":{"line":5,"column":97}}},"fnMap":{"0":{"name":"(anonymous_0)","decl":{"start":{"line":4,"column":20},"end":{"line":4,"column":21}},"loc":{"start":{"line":4,"column":46},"end":{"line":6,"column":1}},"line":4}},"branchMap":{},"s":{"0":6,"1":1},"f":{"0":1},"b":{},"_coverageSchema":"1a1c01bbd47fc00a2c39e90264f33305004495a9","hash":"751bc5343c8bc27c5ec05815cf06c6dd62826875"}
,"C:\\Users\\cagri\\Desktop\\Final-countdown\\final-countdown\\src\\components\\stack\\Stack.js": {"path":"C:\\Users\\cagri\\Desktop\\Final-countdown\\final-countdown\\src\\components\\stack\\Stack.js","statementMap":{"0":{"start":{"line":7,"column":14},"end":{"line":44,"column":1}},"1":{"start":{"line":8,"column":25},"end":{"line":20,"column":5}},"2":{"start":{"line":9,"column":8},"end":{"line":19,"column":9}},"3":{"start":{"line":10,"column":12},"end":{"line":10,"column":37}},"4":{"start":{"line":10,"column":30},"end":{"line":10,"column":37}},"5":{"start":{"line":11,"column":20},"end":{"line":11,"column":29}},"6":{"start":{"line":12,"column":12},"end":{"line":15,"column":13}},"7":{"start":{"line":13,"column":16},"end":{"line":13,"column":70}},"8":{"start":{"line":13,"column":63},"end":{"line":13,"column":70}},"9":{"start":{"line":14,"column":16},"end":{"line":14,"column":20}},"10":{"start":{"line":16,"column":12},"end":{"line":16,"column":58}},"11":{"start":{"line":18,"column":12},"end":{"line":18,"column":53}},"12":{"start":{"line":22,"column":20},"end":{"line":25,"column":5}},"13":{"start":{"line":23,"column":8},"end":{"line":23,"column":49}},"14":{"start":{"line":23,"column":42},"end":{"line":23,"column":49}},"15":{"start":{"line":24,"column":8},"end":{"line":24,"column":38}},"16":{"start":{"line":29,"column":4},"end":{"line":43,"column":6}},"17":{"start":{"line":32,"column":16},"end":{"line":39,"column":18}}},"fnMap":{"0":{"name":"(anonymous_0)","decl":{"start":{"line":7,"column":14},"end":{"line":7,"column":15}},"loc":{"start":{"line":7,"column":72},"end":{"line":44,"column":1}},"line":7},"1":{"name":"(anonymous_1)","decl":{"start":{"line":8,"column":25},"end":{"line":8,"column":26}},"loc":{"start":{"line":8,"column":42},"end":{"line":20,"column":5}},"line":8},"2":{"name":"(anonymous_2)","decl":{"start":{"line":22,"column":20},"end":{"line":22,"column":21}},"loc":{"start":{"line":22,"column":26},"end":{"line":25,"column":5}},"line":22},"3":{"name":"(anonymous_3)","decl":{"start":{"line":31,"column":23},"end":{"line":31,"column":24}},"loc":{"start":{"line":32,"column":16},"end":{"line":39,"column":18}},"line":32}},"branchMap":{"0":{"loc":{"start":{"line":9,"column":8},"end":{"line":19,"column":9}},"type":"if","locations":[{"start":{"line":9,"column":8},"end":{"line":19,"column":9}},{"start":{"line":9,"column":8},"end":{"line":19,"column":9}}],"line":9},"1":{"loc":{"start":{"line":10,"column":12},"end":{"line":10,"column":37}},"type":"if","locations":[{"start":{"line":10,"column":12},"end":{"line":10,"column":37}},{"start":{"line":10,"column":12},"end":{"line":10,"column":37}}],"line":10},"2":{"loc":{"start":{"line":13,"column":16},"end":{"line":13,"column":70}},"type":"if","locations":[{"start":{"line":13,"column":16},"end":{"line":13,"column":70}},{"start":{"line":13,"column":16},"end":{"line":13,"column":70}}],"line":13},"3":{"loc":{"start":{"line":23,"column":8},"end":{"line":23,"column":49}},"type":"if","locations":[{"start":{"line":23,"column":8},"end":{"line":23,"column":49}},{"start":{"line":23,"column":8},"end":{"line":23,"column":49}}],"line":23},"4":{"loc":{"start":{"line":41,"column":13},"end":{"line":41,"column":86}},"type":"binary-expr","locations":[{"start":{"line":41,"column":13},"end":{"line":41,"column":31}},{"start":{"line":41,"column":35},"end":{"line":41,"column":86}}],"line":41}},"s":{"0":5,"1":1,"2":0,"3":0,"4":0,"5":0,"6":0,"7":0,"8":0,"9":0,"10":0,"11":0,"12":1,"13":0,"14":0,"15":0,"16":1,"17":2},"f":{"0":1,"1":0,"2":0,"3":2},"b":{"0":[0,0],"1":[0,0],"2":[0,0],"3":[0,0],"4":[1,0]},"_coverageSchema":"1a1c01bbd47fc00a2c39e90264f33305004495a9","hash":"76ff2166b42f1b2142a634cbe71756eef8db145a"}
,"C:\\Users\\cagri\\Desktop\\Final-countdown\\final-countdown\\src\\components\\stack-holder\\StackHolder.js": {"path":"C:\\Users\\cagri\\Desktop\\Final-countdown\\final-countdown\\src\\components\\stack-holder\\StackHolder.js","statementMap":{"0":{"start":{"line":4,"column":20},"end":{"line":6,"column":1}},"1":{"start":{"line":5,"column":4},"end":{"line":5,"column":89}}},"fnMap":{"0":{"name":"(anonymous_0)","decl":{"start":{"line":4,"column":20},"end":{"line":4,"column":21}},"loc":{"start":{"line":4,"column":41},"end":{"line":6,"column":1}},"line":4}},"branchMap":{"0":{"loc":{"start":{"line":5,"column":27},"end":{"line":5,"column":80}},"type":"cond-expr","locations":[{"start":{"line":5,"column":41},"end":{"line":5,"column":58}},{"start":{"line":5,"column":61},"end":{"line":5,"column":80}}],"line":5}},"s":{"0":5,"1":34},"f":{"0":34},"b":{"0":[9,25]},"_coverageSchema":"1a1c01bbd47fc00a2c39e90264f33305004495a9","hash":"b56836dac947bdc00d5b97d712868a2bf0580812"}
,"C:\\Users\\cagri\\Desktop\\Final-countdown\\final-countdown\\src\\components\\top-board\\TopBoard.js": {"path":"C:\\Users\\cagri\\Desktop\\Final-countdown\\final-countdown\\src\\components\\top-board\\TopBoard.js","statementMap":{"0":{"start":{"line":7,"column":17},"end":{"line":23,"column":1}},"1":{"start":{"line":8,"column":29},"end":{"line":8,"column":30}},"2":{"start":{"line":9,"column":4},"end":{"line":22,"column":6}},"3":{"start":{"line":13,"column":20},"end":{"line":13,"column":102}},"4":{"start":{"line":18,"column":20},"end":{"line":18,"column":99}}},"fnMap":{"0":{"name":"(anonymous_0)","decl":{"start":{"line":7,"column":17},"end":{"line":7,"column":18}},"loc":{"start":{"line":7,"column":88},"end":{"line":23,"column":1}},"line":7},"1":{"name":"(anonymous_1)","decl":{"start":{"line":12,"column":41},"end":{"line":12,"column":42}},"loc":{"start":{"line":13,"column":20},"end":{"line":13,"column":102}},"line":13},"2":{"name":"(anonymous_2)","decl":{"start":{"line":13,"column":72},"end":{"line":13,"column":73}},"loc":{"start":{"line":13,"column":78},"end":{"line":13,"column":80}},"line":13},"3":{"name":"(anonymous_3)","decl":{"start":{"line":17,"column":41},"end":{"line":17,"column":42}},"loc":{"start":{"line":18,"column":20},"end":{"line":18,"column":99}},"line":18}},"branchMap":{"0":{"loc":{"start":{"line":13,"column":42},"end":{"line":13,"column":80}},"type":"cond-expr","locations":[{"start":{"line":13,"column":58},"end":{"line":13,"column":69}},{"start":{"line":13,"column":72},"end":{"line":13,"column":80}}],"line":13}},"s":{"0":4,"1":4,"2":4,"3":35,"4":32},"f":{"0":4,"1":35,"2":0,"3":32},"b":{"0":[0,35]},"_coverageSchema":"1a1c01bbd47fc00a2c39e90264f33305004495a9","hash":"08bb01e9d92e8ab577b82f6f2aa1b47acdd41d9f"}
,"C:\\Users\\cagri\\Desktop\\Final-countdown\\final-countdown\\src\\test\\fileMock.js": {"path":"C:\\Users\\cagri\\Desktop\\Final-countdown\\final-countdown\\src\\test\\fileMock.js","statementMap":{"0":{"start":{"line":1,"column":0},"end":{"line":1,"column":34}}},"fnMap":{},"branchMap":{},"s":{"0":6},"f":{},"b":{},"_coverageSchema":"1a1c01bbd47fc00a2c39e90264f33305004495a9","hash":"ad445c78850247c600452234b2dbb9e54ef3408a"}
,"C:\\Users\\cagri\\Desktop\\Final-countdown\\final-countdown\\src\\test\\styleMock.js": {"path":"C:\\Users\\cagri\\Desktop\\Final-countdown\\final-countdown\\src\\test\\styleMock.js","statementMap":{"0":{"start":{"line":1,"column":0},"end":{"line":1,"column":20}}},"fnMap":{},"branchMap":{},"s":{"0":11},"f":{},"b":{},"_coverageSchema":"1a1c01bbd47fc00a2c39e90264f33305004495a9","hash":"a7e351a3dd075e4115ba8c75af5f5abc2e8d43a7"}
}
