{"C:\\Users\\cagri\\Desktop\\Final-countdown\\final-countdown\\src\\app.js": {"path":"C:\\Users\\cagri\\Desktop\\Final-countdown\\final-countdown\\src\\app.js","statementMap":{"0":{"start":{"line":8,"column":4},"end":{"line":14,"column":6}}},"fnMap":{"0":{"name":"App","decl":{"start":{"line":7,"column":9},"end":{"line":7,"column":12}},"loc":{"start":{"line":7,"column":15},"end":{"line":15,"column":1}},"line":7}},"branchMap":{},"s":{"0":1},"f":{"0":1},"b":{},"_coverageSchema":"1a1c01bbd47fc00a2c39e90264f33305004495a9","hash":"21bb43487a4662ae99f3afd295d5b0f15d6b56d5"}
,"C:\\Users\\cagri\\Desktop\\Final-countdown\\final-countdown\\src\\index.js": {"path":"C:\\Users\\cagri\\Desktop\\Final-countdown\\final-countdown\\src\\index.js","statementMap":{"0":{"start":{"line":5,"column":15},"end":{"line":5,"column":45}},"1":{"start":{"line":7,"column":0},"end":{"line":7,"column":24}}},"fnMap":{},"branchMap":{},"s":{"0":0,"1":0},"f":{},"b":{}}
,"C:\\Users\\cagri\\Desktop\\Final-countdown\\final-countdown\\src\\components\\bottom-board\\BottomBoard.js": {"path":"C:\\Users\\cagri\\Desktop\\Final-countdown\\final-countdown\\src\\components\\bottom-board\\BottomBoard.js","statementMap":{"0":{"start":{"line":6,"column":28},"end":{"line":11,"column":1}},"1":{"start":{"line":7,"column":4},"end":{"line":9,"column":5}},"2":{"start":{"line":8,"column":8},"end":{"line":8,"column":46}},"3":{"start":{"line":10,"column":4},"end":{"line":10,"column":17}},"4":{"start":{"line":13,"column":29},"end":{"line":25,"column":1}},"5":{"start":{"line":14,"column":4},"end":{"line":16,"column":5}},"6":{"start":{"line":15,"column":8},"end":{"line":15,"column":21}},"7":{"start":{"line":17,"column":19},"end":{"line":17,"column":49}},"8":{"start":{"line":18,"column":4},"end":{"line":23,"column":5}},"9":{"start":{"line":18,"column":17},"end":{"line":18,"column":18}},"10":{"start":{"line":19,"column":8},"end":{"line":19,"column":44}},"11":{"start":{"line":19,"column":31},"end":{"line":19,"column":44}},"12":{"start":{"line":20,"column":8},"end":{"line":22,"column":9}},"13":{"start":{"line":21,"column":12},"end":{"line":21,"column":25}},"14":{"start":{"line":24,"column":4},"end":{"line":24,"column":16}},"15":{"start":{"line":27,"column":20},"end":{"line":132,"column":1}},"16":{"start":{"line":28,"column":40},"end":{"line":28,"column":90}},"17":{"start":{"line":29,"column":32},"end":{"line":29,"column":44}},"18":{"start":{"line":31,"column":25},"end":{"line":37,"column":5}},"19":{"start":{"line":32,"column":25},"end":{"line":32,"column":38}},"20":{"start":{"line":33,"column":8},"end":{"line":33,"column":29}},"21":{"start":{"line":34,"column":8},"end":{"line":36,"column":10}},"22":{"start":{"line":35,"column":41},"end":{"line":35,"column":111}},"23":{"start":{"line":39,"column":21},"end":{"line":41,"column":5}},"24":{"start":{"line":40,"column":8},"end":{"line":40,"column":54}},"25":{"start":{"line":43,"column":19},"end":{"line":50,"column":5}},"26":{"start":{"line":44,"column":8},"end":{"line":44,"column":22}},"27":{"start":{"line":45,"column":8},"end":{"line":49,"column":9}},"28":{"start":{"line":46,"column":12},"end":{"line":46,"column":71}},"29":{"start":{"line":48,"column":12},"end":{"line":48,"column":19}},"30":{"start":{"line":52,"column":19},"end":{"line":58,"column":5}},"31":{"start":{"line":53,"column":8},"end":{"line":57,"column":9}},"32":{"start":{"line":54,"column":12},"end":{"line":54,"column":51}},"33":{"start":{"line":56,"column":12},"end":{"line":56,"column":19}},"34":{"start":{"line":60,"column":29},"end":{"line":75,"column":5}},"35":{"start":{"line":61,"column":25},"end":{"line":61,"column":38}},"36":{"start":{"line":62,"column":23},"end":{"line":73,"column":9}},"37":{"start":{"line":74,"column":8},"end":{"line":74,"column":30}},"38":{"start":{"line":77,"column":4},"end":{"line":81,"column":24}},"39":{"start":{"line":78,"column":8},"end":{"line":80,"column":9}},"40":{"start":{"line":79,"column":12},"end":{"line":79,"column":31}},"41":{"start":{"line":83,"column":4},"end":{"line":87,"column":21}},"42":{"start":{"line":84,"column":8},"end":{"line":86,"column":9}},"43":{"start":{"line":85,"column":12},"end":{"line":85,"column":27}},"44":{"start":{"line":89,"column":35},"end":{"line":97,"column":5}},"45":{"start":{"line":90,"column":8},"end":{"line":95,"column":9}},"46":{"start":{"line":91,"column":12},"end":{"line":91,"column":30}},"47":{"start":{"line":92,"column":12},"end":{"line":92,"column":32}},"48":{"start":{"line":93,"column":12},"end":{"line":93,"column":25}},"49":{"start":{"line":94,"column":12},"end":{"line":94,"column":25}},"50":{"start":{"line":96,"column":8},"end":{"line":96,"column":21}},"51":{"start":{"line":99,"column":22},"end":{"line":105,"column":5}},"52":{"start":{"line":100,"column":28},"end":{"line":100,"column":43}},"53":{"start":{"line":101,"column":8},"end":{"line":101,"column":90}},"54":{"start":{"line":102,"column":8},"end":{"line":102,"column":42}},"55":{"start":{"line":103,"column":8},"end":{"line":103,"column":50}},"56":{"start":{"line":104,"column":8},"end":{"line":104,"column":37}},"57":{"start":{"line":107,"column":4},"end":{"line":131,"column":6}},"58":{"start":{"line":113,"column":24},"end":{"line":115,"column":25}},"59":{"start":{"line":114,"column":28},"end":{"line":114,"column":42}},"60":{"start":{"line":118,"column":24},"end":{"line":126,"column":26}}},"fnMap":{"0":{"name":"(anonymous_0)","decl":{"start":{"line":6,"column":28},"end":{"line":6,"column":29}},"loc":{"start":{"line":6,"column":39},"end":{"line":11,"column":1}},"line":6},"1":{"name":"(anonymous_1)","decl":{"start":{"line":13,"column":29},"end":{"line":13,"column":30}},"loc":{"start":{"line":13,"column":40},"end":{"line":25,"column":1}},"line":13},"2":{"name":"(anonymous_2)","decl":{"start":{"line":27,"column":20},"end":{"line":27,"column":21}},"loc":{"start":{"line":27,"column":93},"end":{"line":132,"column":1}},"line":27},"3":{"name":"(anonymous_3)","decl":{"start":{"line":31,"column":25},"end":{"line":31,"column":26}},"loc":{"start":{"line":31,"column":31},"end":{"line":37,"column":5}},"line":31},"4":{"name":"(anonymous_4)","decl":{"start":{"line":35,"column":27},"end":{"line":35,"column":28}},"loc":{"start":{"line":35,"column":41},"end":{"line":35,"column":111}},"line":35},"5":{"name":"(anonymous_5)","decl":{"start":{"line":39,"column":21},"end":{"line":39,"column":22}},"loc":{"start":{"line":39,"column":57},"end":{"line":41,"column":5}},"line":39},"6":{"name":"(anonymous_6)","decl":{"start":{"line":43,"column":19},"end":{"line":43,"column":20}},"loc":{"start":{"line":43,"column":38},"end":{"line":50,"column":5}},"line":43},"7":{"name":"(anonymous_7)","decl":{"start":{"line":52,"column":19},"end":{"line":52,"column":20}},"loc":{"start":{"line":52,"column":36},"end":{"line":58,"column":5}},"line":52},"8":{"name":"(anonymous_8)","decl":{"start":{"line":60,"column":29},"end":{"line":60,"column":30}},"loc":{"start":{"line":60,"column":35},"end":{"line":75,"column":5}},"line":60},"9":{"name":"(anonymous_9)","decl":{"start":{"line":77,"column":14},"end":{"line":77,"column":15}},"loc":{"start":{"line":77,"column":20},"end":{"line":81,"column":5}},"line":77},"10":{"name":"(anonymous_10)","decl":{"start":{"line":83,"column":14},"end":{"line":83,"column":15}},"loc":{"start":{"line":83,"column":20},"end":{"line":87,"column":5}},"line":83},"11":{"name":"(anonymous_11)","decl":{"start":{"line":89,"column":35},"end":{"line":89,"column":36}},"loc":{"start":{"line":89,"column":46},"end":{"line":97,"column":5}},"line":89},"12":{"name":"(anonymous_12)","decl":{"start":{"line":99,"column":22},"end":{"line":99,"column":23}},"loc":{"start":{"line":99,"column":39},"end":{"line":105,"column":5}},"line":99},"13":{"name":"(anonymous_13)","decl":{"start":{"line":112,"column":29},"end":{"line":112,"column":30}},"loc":{"start":{"line":112,"column":36},"end":{"line":116,"column":21}},"line":112},"14":{"name":"(anonymous_14)","decl":{"start":{"line":117,"column":31},"end":{"line":117,"column":32}},"loc":{"start":{"line":118,"column":24},"end":{"line":126,"column":26}},"line":118}},"branchMap":{"0":{"loc":{"start":{"line":7,"column":4},"end":{"line":9,"column":5}},"type":"if","locations":[{"start":{"line":7,"column":4},"end":{"line":9,"column":5}},{"start":{"line":7,"column":4},"end":{"line":9,"column":5}}],"line":7},"1":{"loc":{"start":{"line":14,"column":4},"end":{"line":16,"column":5}},"type":"if","locations":[{"start":{"line":14,"column":4},"end":{"line":16,"column":5}},{"start":{"line":14,"column":4},"end":{"line":16,"column":5}}],"line":14},"2":{"loc":{"start":{"line":19,"column":8},"end":{"line":19,"column":44}},"type":"if","locations":[{"start":{"line":19,"column":8},"end":{"line":19,"column":44}},{"start":{"line":19,"column":8},"end":{"line":19,"column":44}}],"line":19},"3":{"loc":{"start":{"line":20,"column":8},"end":{"line":22,"column":9}},"type":"if","locations":[{"start":{"line":20,"column":8},"end":{"line":22,"column":9}},{"start":{"line":20,"column":8},"end":{"line":22,"column":9}}],"line":20},"4":{"loc":{"start":{"line":45,"column":8},"end":{"line":49,"column":9}},"type":"if","locations":[{"start":{"line":45,"column":8},"end":{"line":49,"column":9}},{"start":{"line":45,"column":8},"end":{"line":49,"column":9}}],"line":45},"5":{"loc":{"start":{"line":45,"column":12},"end":{"line":45,"column":68}},"type":"binary-expr","locations":[{"start":{"line":45,"column":12},"end":{"line":45,"column":28}},{"start":{"line":45,"column":32},"end":{"line":45,"column":68}}],"line":45},"6":{"loc":{"start":{"line":53,"column":8},"end":{"line":57,"column":9}},"type":"if","locations":[{"start":{"line":53,"column":8},"end":{"line":57,"column":9}},{"start":{"line":53,"column":8},"end":{"line":57,"column":9}}],"line":53},"7":{"loc":{"start":{"line":53,"column":12},"end":{"line":53,"column":72}},"type":"binary-expr","locations":[{"start":{"line":53,"column":12},"end":{"line":53,"column":31}},{"start":{"line":53,"column":35},"end":{"line":53,"column":72}}],"line":53},"8":{"loc":{"start":{"line":78,"column":8},"end":{"line":80,"column":9}},"type":"if","locations":[{"start":{"line":78,"column":8},"end":{"line":80,"column":9}},{"start":{"line":78,"column":8},"end":{"line":80,"column":9}}],"line":78},"9":{"loc":{"start":{"line":84,"column":8},"end":{"line":86,"column":9}},"type":"if","locations":[{"start":{"line":84,"column":8},"end":{"line":86,"column":9}},{"start":{"line":84,"column":8},"end":{"line":86,"column":9}}],"line":84},"10":{"loc":{"start":{"line":90,"column":8},"end":{"line":95,"column":9}},"type":"if","locations":[{"start":{"line":90,"column":8},"end":{"line":95,"column":9}},{"start":{"line":90,"column":8},"end":{"line":95,"column":9}}],"line":90},"11":{"loc":{"start":{"line":109,"column":13},"end":{"line":129,"column":13}},"type":"binary-expr","locations":[{"start":{"line":109,"column":13},"end":{"line":109,"column":26}},{"start":{"line":110,"column":16},"end":{"line":128,"column":22}}],"line":109},"12":{"loc":{"start":{"line":113,"column":24},"end":{"line":115,"column":25}},"type":"if","locations":[{"start":{"line":113,"column":24},"end":{"line":115,"column":25}},{"start":{"line":113,"column":24},"end":{"line":115,"column":25}}],"line":113},"13":{"loc":{"start":{"line":125,"column":44},"end":{"line":125,"column":73}},"type":"binary-expr","locations":[{"start":{"line":125,"column":44},"end":{"line":125,"column":55}},{"start":{"line":125,"column":59},"end":{"line":125,"column":73}}],"line":125}},"s":{"0":4,"1":1,"2":1,"3":1,"4":4,"5":4,"6":1,"7":3,"8":3,"9":3,"10":33,"11":0,"12":33,"13":2,"14":1,"15":4,"16":4,"17":4,"18":4,"19":0,"20":0,"21":0,"22":0,"23":4,"24":0,"25":4,"26":0,"27":0,"28":0,"29":0,"30":4,"31":0,"32":0,"33":0,"34":4,"35":0,"36":0,"37":0,"38":4,"39":4,"40":0,"41":4,"42":4,"43":0,"44":4,"45":0,"46":0,"47":0,"48":0,"49":0,"50":0,"51":4,"52":0,"53":0,"54":0,"55":0,"56":0,"57":4,"58":0,"59":0,"60":0},"f":{"0":1,"1":4,"2":4,"3":0,"4":0,"5":0,"6":0,"7":0,"8":0,"9":4,"10":4,"11":0,"12":0,"13":0,"14":0},"b":{"0":[1,0],"1":[1,3],"2":[0,33],"3":[2,31],"4":[0,0],"5":[0,0],"6":[0,0],"7":[0,0],"8":[0,4],"9":[0,4],"10":[0,0],"11":[4,0],"12":[0,0],"13":[0,0]},"_coverageSchema":"1a1c01bbd47fc00a2c39e90264f33305004495a9","hash":"79b12134815d69f1db1a50f8e66185f0146aac8c"}
,"C:\\Users\\cagri\\Desktop\\Final-countdown\\final-countdown\\src\\components\\bottom-board-footer\\BottomBoardFooter.js": {"path":"C:\\Users\\cagri\\Desktop\\Final-countdown\\final-countdown\\src\\components\\bottom-board-footer\\BottomBoardFooter.js","statementMap":{"0":{"start":{"line":4,"column":26},"end":{"line":19,"column":1}},"1":{"start":{"line":5,"column":4},"end":{"line":18,"column":6}}},"fnMap":{"0":{"name":"(anonymous_0)","decl":{"start":{"line":4,"column":26},"end":{"line":4,"column":27}},"loc":{"start":{"line":4,"column":62},"end":{"line":19,"column":1}},"line":4}},"branchMap":{"0":{"loc":{"start":{"line":7,"column":13},"end":{"line":11,"column":13}},"type":"binary-expr","locations":[{"start":{"line":7,"column":13},"end":{"line":7,"column":27}},{"start":{"line":8,"column":16},"end":{"line":10,"column":25}}],"line":7},"1":{"loc":{"start":{"line":12,"column":13},"end":{"line":16,"column":13}},"type":"binary-expr","locations":[{"start":{"line":12,"column":13},"end":{"line":12,"column":26}},{"start":{"line":13,"column":16},"end":{"line":15,"column":19}}],"line":12}},"s":{"0":4,"1":5},"f":{"0":5},"b":{"0":[5,4],"1":[5,1]},"_coverageSchema":"1a1c01bbd47fc00a2c39e90264f33305004495a9","hash":"1c08a34f7e56ea7155002bd322b26f45d165edb1"}
,"C:\\Users\\cagri\\Desktop\\Final-countdown\\final-countdown\\src\\components\\card\\Card.js": {"path":"C:\\Users\\cagri\\Desktop\\Final-countdown\\final-countdown\\src\\components\\card\\Card.js","statementMap":{"0":{"start":{"line":19,"column":21},"end":{"line":33,"column":2}},"1":{"start":{"line":35,"column":13},"end":{"line":60,"column":1}},"2":{"start":{"line":36,"column":35},"end":{"line":36,"column":39}},"3":{"start":{"line":37,"column":22},"end":{"line":37,"column":56}},"4":{"start":{"line":38,"column":21},"end":{"line":45,"column":5}},"5":{"start":{"line":39,"column":15},"end":{"line":43,"column":9}},"6":{"start":{"line":47,"column":4},"end":{"line":59,"column":6}},"7":{"start":{"line":51,"column":27},"end":{"line":51,"column":68}}},"fnMap":{"0":{"name":"(anonymous_0)","decl":{"start":{"line":35,"column":13},"end":{"line":35,"column":14}},"loc":{"start":{"line":35,"column":88},"end":{"line":60,"column":1}},"line":35},"1":{"name":"(anonymous_1)","decl":{"start":{"line":39,"column":8},"end":{"line":39,"column":9}},"loc":{"start":{"line":39,"column":15},"end":{"line":43,"column":9}},"line":39},"2":{"name":"(anonymous_2)","decl":{"start":{"line":51,"column":21},"end":{"line":51,"column":22}},"loc":{"start":{"line":51,"column":27},"end":{"line":51,"column":68}},"line":51}},"branchMap":{"0":{"loc":{"start":{"line":50,"column":30},"end":{"line":50,"column":75}},"type":"cond-expr","locations":[{"start":{"line":50,"column":59},"end":{"line":50,"column":70}},{"start":{"line":50,"column":73},"end":{"line":50,"column":75}}],"line":50},"1":{"loc":{"start":{"line":51,"column":27},"end":{"line":51,"column":68}},"type":"binary-expr","locations":[{"start":{"line":51,"column":27},"end":{"line":51,"column":40}},{"start":{"line":51,"column":44},"end":{"line":51,"column":68}}],"line":51},"2":{"loc":{"start":{"line":56,"column":33},"end":{"line":56,"column":82}},"type":"cond-expr","locations":[{"start":{"line":56,"column":42},"end":{"line":56,"column":61}},{"start":{"line":56,"column":64},"end":{"line":56,"column":82}}],"line":56}},"s":{"0":6,"1":6,"2":7,"3":7,"4":7,"5":7,"6":7,"7":0},"f":{"0":7,"1":7,"2":0},"b":{"0":[1,6],"1":[0,0],"2":[3,4]},"_coverageSchema":"1a1c01bbd47fc00a2c39e90264f33305004495a9","hash":"7c5694edefa9e29c26e7d5b15b01400dfb12a108"}
,"C:\\Users\\cagri\\Desktop\\Final-countdown\\final-countdown\\src\\components\\closed-stack\\ClosedStack.js": {"path":"C:\\Users\\cagri\\Desktop\\Final-countdown\\final-countdown\\src\\components\\closed-stack\\ClosedStack.js","statementMap":{"0":{"start":{"line":4,"column":20},"end":{"line":6,"column":1}},"1":{"start":{"line":5,"column":4},"end":{"line":5,"column":111}}},"fnMap":{"0":{"name":"(anonymous_0)","decl":{"start":{"line":4,"column":20},"end":{"line":4,"column":21}},"loc":{"start":{"line":4,"column":44},"end":{"line":6,"column":1}},"line":4}},"branchMap":{},"s":{"0":5,"1":36},"f":{"0":36},"b":{},"_coverageSchema":"1a1c01bbd47fc00a2c39e90264f33305004495a9","hash":"6b89d5d21a883d69488583fc6449bd0321ea6373"}
,"C:\\Users\\cagri\\Desktop\\Final-countdown\\final-countdown\\src\\components\\game-ui\\GameUi.js": {"path":"C:\\Users\\cagri\\Desktop\\Final-countdown\\final-countdown\\src\\components\\game-ui\\GameUi.js","statementMap":{"0":{"start":{"line":8,"column":21},"end":{"line":8,"column":87}},"1":{"start":{"line":9,"column":17},"end":{"line":26,"column":7}},"2":{"start":{"line":20,"column":23},"end":{"line":26,"column":5}},"3":{"start":{"line":28,"column":15},"end":{"line":78,"column":1}},"4":{"start":{"line":29,"column":36},"end":{"line":29,"column":63}},"5":{"start":{"line":30,"column":40},"end":{"line":30,"column":55}},"6":{"start":{"line":31,"column":36},"end":{"line":31,"column":56}},"7":{"start":{"line":32,"column":50},"end":{"line":32,"column":61}},"8":{"start":{"line":33,"column":46},"end":{"line":33,"column":65}},"9":{"start":{"line":34,"column":4},"end":{"line":38,"column":26}},"10":{"start":{"line":35,"column":8},"end":{"line":37,"column":9}},"11":{"start":{"line":36,"column":12},"end":{"line":36,"column":112}},"12":{"start":{"line":40,"column":22},"end":{"line":48,"column":5}},"13":{"start":{"line":41,"column":8},"end":{"line":47,"column":9}},"14":{"start":{"line":42,"column":31},"end":{"line":42,"column":48}},"15":{"start":{"line":43,"column":12},"end":{"line":43,"column":43}},"16":{"start":{"line":44,"column":12},"end":{"line":44,"column":30}},"17":{"start":{"line":46,"column":12},"end":{"line":46,"column":49}},"18":{"start":{"line":50,"column":23},"end":{"line":52,"column":5}},"19":{"start":{"line":51,"column":8},"end":{"line":51,"column":48}},"20":{"start":{"line":54,"column":22},"end":{"line":56,"column":5}},"21":{"start":{"line":55,"column":8},"end":{"line":55,"column":47}},"22":{"start":{"line":58,"column":4},"end":{"line":77,"column":6}},"23":{"start":{"line":63,"column":20},"end":{"line":63,"column":40}}},"fnMap":{"0":{"name":"(anonymous_0)","decl":{"start":{"line":20,"column":9},"end":{"line":20,"column":10}},"loc":{"start":{"line":20,"column":23},"end":{"line":26,"column":5}},"line":20},"1":{"name":"(anonymous_1)","decl":{"start":{"line":28,"column":15},"end":{"line":28,"column":16}},"loc":{"start":{"line":28,"column":21},"end":{"line":78,"column":1}},"line":28},"2":{"name":"(anonymous_2)","decl":{"start":{"line":34,"column":14},"end":{"line":34,"column":15}},"loc":{"start":{"line":34,"column":20},"end":{"line":38,"column":5}},"line":34},"3":{"name":"(anonymous_3)","decl":{"start":{"line":40,"column":22},"end":{"line":40,"column":23}},"loc":{"start":{"line":40,"column":29},"end":{"line":48,"column":5}},"line":40},"4":{"name":"(anonymous_4)","decl":{"start":{"line":50,"column":23},"end":{"line":50,"column":24}},"loc":{"start":{"line":50,"column":29},"end":{"line":52,"column":5}},"line":50},"5":{"name":"(anonymous_5)","decl":{"start":{"line":54,"column":22},"end":{"line":54,"column":23}},"loc":{"start":{"line":54,"column":28},"end":{"line":56,"column":5}},"line":54},"6":{"name":"(anonymous_6)","decl":{"start":{"line":62,"column":29},"end":{"line":62,"column":30}},"loc":{"start":{"line":62,"column":35},"end":{"line":64,"column":17}},"line":62}},"branchMap":{"0":{"loc":{"start":{"line":35,"column":8},"end":{"line":37,"column":9}},"type":"if","locations":[{"start":{"line":35,"column":8},"end":{"line":37,"column":9}},{"start":{"line":35,"column":8},"end":{"line":37,"column":9}}],"line":35}},"s":{"0":3,"1":3,"2":312,"3":3,"4":3,"5":3,"6":3,"7":3,"8":3,"9":3,"10":3,"11":0,"12":3,"13":0,"14":0,"15":0,"16":0,"17":0,"18":3,"19":0,"20":3,"21":0,"22":3,"23":0},"f":{"0":312,"1":3,"2":3,"3":0,"4":0,"5":0,"6":0},"b":{"0":[0,3]},"_coverageSchema":"1a1c01bbd47fc00a2c39e90264f33305004495a9","hash":"8c2ac88d8039aa657df48398cddc2f2c96c3f8bc"}
,"C:\\Users\\cagri\\Desktop\\Final-countdown\\final-countdown\\src\\components\\main\\Main.js": {"path":"C:\\Users\\cagri\\Desktop\\Final-countdown\\final-countdown\\src\\components\\main\\Main.js","statementMap":{"0":{"start":{"line":5,"column":13},"end":{"line":11,"column":1}},"1":{"start":{"line":6,"column":4},"end":{"line":10,"column":6}}},"fnMap":{"0":{"name":"(anonymous_0)","decl":{"start":{"line":5,"column":13},"end":{"line":5,"column":14}},"loc":{"start":{"line":5,"column":19},"end":{"line":11,"column":1}},"line":5}},"branchMap":{},"s":{"0":2,"1":2},"f":{"0":2},"b":{},"_coverageSchema":"1a1c01bbd47fc00a2c39e90264f33305004495a9","hash":"882c1dcbb512c6cac251823cd61d06d5eed74c4a"}
,"C:\\Users\\cagri\\Desktop\\Final-countdown\\final-countdown\\src\\components\\place-holder\\PlaceHolder.js": {"path":"C:\\Users\\cagri\\Desktop\\Final-countdown\\final-countdown\\src\\components\\place-holder\\PlaceHolder.js","statementMap":{"0":{"start":{"line":4,"column":20},"end":{"line":6,"column":1}},"1":{"start":{"line":5,"column":4},"end":{"line":5,"column":97}}},"fnMap":{"0":{"name":"(anonymous_0)","decl":{"start":{"line":4,"column":20},"end":{"line":4,"column":21}},"loc":{"start":{"line":4,"column":46},"end":{"line":6,"column":1}},"line":4}},"branchMap":{},"s":{"0":6,"1":1},"f":{"0":1},"b":{},"_coverageSchema":"1a1c01bbd47fc00a2c39e90264f33305004495a9","hash":"751bc5343c8bc27c5ec05815cf06c6dd62826875"}
,"C:\\Users\\cagri\\Desktop\\Final-countdown\\final-countdown\\src\\components\\stack\\Stack.js": {"path":"C:\\Users\\cagri\\Desktop\\Final-countdown\\final-countdown\\src\\components\\stack\\Stack.js","statementMap":{"0":{"start":{"line":8,"column":29},"end":{"line":16,"column":1}},"1":{"start":{"line":9,"column":4},"end":{"line":9,"column":43}},"2":{"start":{"line":9,"column":30},"end":{"line":9,"column":43}},"3":{"start":{"line":10,"column":12},"end":{"line":10,"column":21}},"4":{"start":{"line":11,"column":4},"end":{"line":14,"column":5}},"5":{"start":{"line":12,"column":8},"end":{"line":12,"column":68}},"6":{"start":{"line":12,"column":55},"end":{"line":12,"column":68}},"7":{"start":{"line":13,"column":8},"end":{"line":13,"column":12}},"8":{"start":{"line":15,"column":4},"end":{"line":15,"column":16}},"9":{"start":{"line":18,"column":14},"end":{"line":60,"column":1}},"10":{"start":{"line":19,"column":21},"end":{"line":29,"column":5}},"11":{"start":{"line":20,"column":15},"end":{"line":27,"column":9}},"12":{"start":{"line":23,"column":30},"end":{"line":23,"column":70}},"13":{"start":{"line":24,"column":28},"end":{"line":24,"column":83}},"14":{"start":{"line":25,"column":16},"end":{"line":25,"column":53}},"15":{"start":{"line":31,"column":24},"end":{"line":37,"column":5}},"16":{"start":{"line":32,"column":8},"end":{"line":36,"column":9}},"17":{"start":{"line":33,"column":12},"end":{"line":33,"column":58}},"18":{"start":{"line":35,"column":12},"end":{"line":35,"column":53}},"19":{"start":{"line":39,"column":20},"end":{"line":42,"column":5}},"20":{"start":{"line":40,"column":8},"end":{"line":40,"column":49}},"21":{"start":{"line":40,"column":42},"end":{"line":40,"column":49}},"22":{"start":{"line":41,"column":8},"end":{"line":41,"column":38}},"23":{"start":{"line":44,"column":4},"end":{"line":59,"column":6}},"24":{"start":{"line":47,"column":16},"end":{"line":55,"column":18}}},"fnMap":{"0":{"name":"(anonymous_0)","decl":{"start":{"line":8,"column":29},"end":{"line":8,"column":30}},"loc":{"start":{"line":8,"column":47},"end":{"line":16,"column":1}},"line":8},"1":{"name":"(anonymous_1)","decl":{"start":{"line":18,"column":14},"end":{"line":18,"column":15}},"loc":{"start":{"line":18,"column":80},"end":{"line":60,"column":1}},"line":18},"2":{"name":"(anonymous_2)","decl":{"start":{"line":20,"column":8},"end":{"line":20,"column":9}},"loc":{"start":{"line":20,"column":15},"end":{"line":27,"column":9}},"line":20},"3":{"name":"(anonymous_3)","decl":{"start":{"line":22,"column":18},"end":{"line":22,"column":19}},"loc":{"start":{"line":22,"column":82},"end":{"line":26,"column":13}},"line":22},"4":{"name":"(anonymous_4)","decl":{"start":{"line":31,"column":24},"end":{"line":31,"column":25}},"loc":{"start":{"line":31,"column":41},"end":{"line":37,"column":5}},"line":31},"5":{"name":"(anonymous_5)","decl":{"start":{"line":39,"column":20},"end":{"line":39,"column":21}},"loc":{"start":{"line":39,"column":26},"end":{"line":42,"column":5}},"line":39},"6":{"name":"(anonymous_6)","decl":{"start":{"line":46,"column":23},"end":{"line":46,"column":24}},"loc":{"start":{"line":47,"column":16},"end":{"line":55,"column":18}},"line":47}},"branchMap":{"0":{"loc":{"start":{"line":9,"column":4},"end":{"line":9,"column":43}},"type":"if","locations":[{"start":{"line":9,"column":4},"end":{"line":9,"column":43}},{"start":{"line":9,"column":4},"end":{"line":9,"column":43}}],"line":9},"1":{"loc":{"start":{"line":12,"column":8},"end":{"line":12,"column":68}},"type":"if","locations":[{"start":{"line":12,"column":8},"end":{"line":12,"column":68}},{"start":{"line":12,"column":8},"end":{"line":12,"column":68}}],"line":12},"2":{"loc":{"start":{"line":24,"column":36},"end":{"line":24,"column":63}},"type":"binary-expr","locations":[{"start":{"line":24,"column":36},"end":{"line":24,"column":47}},{"start":{"line":24,"column":51},"end":{"line":24,"column":63}}],"line":24},"3":{"loc":{"start":{"line":32,"column":8},"end":{"line":36,"column":9}},"type":"if","locations":[{"start":{"line":32,"column":8},"end":{"line":36,"column":9}},{"start":{"line":32,"column":8},"end":{"line":36,"column":9}}],"line":32},"4":{"loc":{"start":{"line":32,"column":12},"end":{"line":32,"column":71}},"type":"binary-expr","locations":[{"start":{"line":32,"column":12},"end":{"line":32,"column":40}},{"start":{"line":32,"column":44},"end":{"line":32,"column":71}}],"line":32},"5":{"loc":{"start":{"line":40,"column":8},"end":{"line":40,"column":49}},"type":"if","locations":[{"start":{"line":40,"column":8},"end":{"line":40,"column":49}},{"start":{"line":40,"column":8},"end":{"line":40,"column":49}}],"line":40},"6":{"loc":{"start":{"line":57,"column":13},"end":{"line":57,"column":86}},"type":"binary-expr","locations":[{"start":{"line":57,"column":13},"end":{"line":57,"column":31}},{"start":{"line":57,"column":35},"end":{"line":57,"column":86}}],"line":57}},"s":{"0":5,"1":8,"2":3,"3":5,"4":5,"5":7,"6":1,"7":6,"8":4,"9":5,"10":1,"11":1,"12":0,"13":0,"14":0,"15":1,"16":0,"17":0,"18":0,"19":1,"20":0,"21":0,"22":0,"23":1,"24":5},"f":{"0":8,"1":1,"2":1,"3":0,"4":0,"5":0,"6":5},"b":{"0":[3,5],"1":[1,6],"2":[0,0],"3":[0,0],"4":[0,0],"5":[0,0],"6":[1,0]},"_coverageSchema":"1a1c01bbd47fc00a2c39e90264f33305004495a9","hash":"9418e012624bf769d456d636db22f20cd8891af0"}
,"C:\\Users\\cagri\\Desktop\\Final-countdown\\final-countdown\\src\\components\\stack-holder\\StackHolder.js": {"path":"C:\\Users\\cagri\\Desktop\\Final-countdown\\final-countdown\\src\\components\\stack-holder\\StackHolder.js","statementMap":{"0":{"start":{"line":4,"column":20},"end":{"line":6,"column":1}},"1":{"start":{"line":5,"column":4},"end":{"line":5,"column":89}}},"fnMap":{"0":{"name":"(anonymous_0)","decl":{"start":{"line":4,"column":20},"end":{"line":4,"column":21}},"loc":{"start":{"line":4,"column":41},"end":{"line":6,"column":1}},"line":4}},"branchMap":{"0":{"loc":{"start":{"line":5,"column":27},"end":{"line":5,"column":80}},"type":"cond-expr","locations":[{"start":{"line":5,"column":41},"end":{"line":5,"column":58}},{"start":{"line":5,"column":61},"end":{"line":5,"column":80}}],"line":5}},"s":{"0":5,"1":34},"f":{"0":34},"b":{"0":[9,25]},"_coverageSchema":"1a1c01bbd47fc00a2c39e90264f33305004495a9","hash":"b56836dac947bdc00d5b97d712868a2bf0580812"}
,"C:\\Users\\cagri\\Desktop\\Final-countdown\\final-countdown\\src\\components\\top-board\\TopBoard.js": {"path":"C:\\Users\\cagri\\Desktop\\Final-countdown\\final-countdown\\src\\components\\top-board\\TopBoard.js","statementMap":{"0":{"start":{"line":7,"column":17},"end":{"line":23,"column":1}},"1":{"start":{"line":8,"column":29},"end":{"line":8,"column":30}},"2":{"start":{"line":9,"column":4},"end":{"line":22,"column":6}},"3":{"start":{"line":13,"column":20},"end":{"line":13,"column":102}},"4":{"start":{"line":18,"column":20},"end":{"line":18,"column":99}}},"fnMap":{"0":{"name":"(anonymous_0)","decl":{"start":{"line":7,"column":17},"end":{"line":7,"column":18}},"loc":{"start":{"line":7,"column":88},"end":{"line":23,"column":1}},"line":7},"1":{"name":"(anonymous_1)","decl":{"start":{"line":12,"column":41},"end":{"line":12,"column":42}},"loc":{"start":{"line":13,"column":20},"end":{"line":13,"column":102}},"line":13},"2":{"name":"(anonymous_2)","decl":{"start":{"line":13,"column":72},"end":{"line":13,"column":73}},"loc":{"start":{"line":13,"column":78},"end":{"line":13,"column":80}},"line":13},"3":{"name":"(anonymous_3)","decl":{"start":{"line":17,"column":41},"end":{"line":17,"column":42}},"loc":{"start":{"line":18,"column":20},"end":{"line":18,"column":99}},"line":18}},"branchMap":{"0":{"loc":{"start":{"line":13,"column":42},"end":{"line":13,"column":80}},"type":"cond-expr","locations":[{"start":{"line":13,"column":58},"end":{"line":13,"column":69}},{"start":{"line":13,"column":72},"end":{"line":13,"column":80}}],"line":13}},"s":{"0":4,"1":4,"2":4,"3":35,"4":32},"f":{"0":4,"1":35,"2":0,"3":32},"b":{"0":[0,35]},"_coverageSchema":"1a1c01bbd47fc00a2c39e90264f33305004495a9","hash":"08bb01e9d92e8ab577b82f6f2aa1b47acdd41d9f"}
,"C:\\Users\\cagri\\Desktop\\Final-countdown\\final-countdown\\src\\test\\fileMock.js": {"path":"C:\\Users\\cagri\\Desktop\\Final-countdown\\final-countdown\\src\\test\\fileMock.js","statementMap":{"0":{"start":{"line":1,"column":0},"end":{"line":1,"column":34}}},"fnMap":{},"branchMap":{},"s":{"0":6},"f":{},"b":{},"_coverageSchema":"1a1c01bbd47fc00a2c39e90264f33305004495a9","hash":"ad445c78850247c600452234b2dbb9e54ef3408a"}
,"C:\\Users\\cagri\\Desktop\\Final-countdown\\final-countdown\\src\\test\\styleMock.js": {"path":"C:\\Users\\cagri\\Desktop\\Final-countdown\\final-countdown\\src\\test\\styleMock.js","statementMap":{"0":{"start":{"line":1,"column":0},"end":{"line":1,"column":20}}},"fnMap":{},"branchMap":{},"s":{"0":11},"f":{},"b":{},"_coverageSchema":"1a1c01bbd47fc00a2c39e90264f33305004495a9","hash":"a7e351a3dd075e4115ba8c75af5f5abc2e8d43a7"}
}
