TN:
SF:src\app.js
FN:8,App
FNF:1
FNH:1
FNDA:1,App
DA:9,1
LF:1
LH:1
BRF:0
BRH:0
end_of_record
TN:
SF:src\index.js
FNF:0
FNH:0
DA:5,0
DA:7,0
DA:9,0
DA:10,0
LF:4
LH:0
BRDA:9,0,0,0
BRDA:9,0,1,0
BRF:2
BRH:0
end_of_record
TN:
SF:src\components\bottom-board\BottomBoard.js
FN:6,(anonymous_0)
FN:13,(anonymous_1)
FN:27,(anonymous_2)
FN:31,(anonymous_3)
FN:35,(anonymous_4)
FN:39,(anonymous_5)
FN:43,(anonymous_6)
FN:52,(anonymous_7)
FN:69,(anonymous_8)
FN:75,(anonymous_9)
FN:81,(anonymous_10)
FN:90,(anonymous_11)
FN:103,(anonymous_12)
FN:108,(anonymous_13)
FNF:14
FNH:5
FNDA:1,(anonymous_0)
FNDA:4,(anonymous_1)
FNDA:4,(anonymous_2)
FNDA:0,(anonymous_3)
FNDA:0,(anonymous_4)
FNDA:0,(anonymous_5)
FNDA:0,(anonymous_6)
FNDA:0,(anonymous_7)
FNDA:4,(anonymous_8)
FNDA:4,(anonymous_9)
FNDA:0,(anonymous_10)
FNDA:0,(anonymous_11)
FNDA:0,(anonymous_12)
FNDA:0,(anonymous_13)
DA:6,4
DA:7,1
DA:8,1
DA:9,1
DA:13,4
DA:14,4
DA:15,1
DA:17,3
DA:18,3
DA:19,33
DA:20,33
DA:21,2
DA:24,1
DA:27,4
DA:28,4
DA:29,4
DA:31,4
DA:32,0
DA:33,0
DA:34,0
DA:35,0
DA:39,4
DA:40,0
DA:43,4
DA:44,0
DA:45,0
DA:46,0
DA:48,0
DA:52,4
DA:53,0
DA:54,0
DA:66,0
DA:69,4
DA:70,4
DA:71,0
DA:75,4
DA:76,4
DA:77,0
DA:81,4
DA:82,0
DA:83,0
DA:84,0
DA:85,0
DA:87,0
DA:90,4
DA:91,0
DA:92,0
DA:93,0
DA:94,0
DA:95,0
DA:98,4
DA:104,0
DA:105,0
DA:109,0
LF:54
LH:27
BRDA:7,0,0,1
BRDA:7,0,1,0
BRDA:14,1,0,1
BRDA:14,1,1,3
BRDA:19,2,0,0
BRDA:19,2,1,33
BRDA:20,3,0,2
BRDA:20,3,1,31
BRDA:45,4,0,0
BRDA:45,4,1,0
BRDA:45,5,0,0
BRDA:45,5,1,0
BRDA:70,6,0,0
BRDA:70,6,1,4
BRDA:76,7,0,0
BRDA:76,7,1,4
BRDA:82,8,0,0
BRDA:82,8,1,0
BRDA:100,9,0,4
BRDA:100,9,1,0
BRDA:104,10,0,0
BRDA:104,10,1,0
BRDA:115,11,0,0
BRDA:115,11,1,0
BRF:24
BRH:9
end_of_record
TN:
SF:src\components\bottom-board-footer\BottomBoardFooter.js
FN:4,(anonymous_0)
FNF:1
FNH:1
FNDA:5,(anonymous_0)
DA:4,4
DA:5,5
LF:2
LH:2
BRDA:7,0,0,5
BRDA:7,0,1,4
BRDA:12,1,0,5
BRDA:12,1,1,1
BRF:4
BRH:4
end_of_record
TN:
SF:src\components\card\Card.js
FN:34,(anonymous_0)
FN:40,(anonymous_1)
FNF:2
FNH:1
FNDA:4,(anonymous_0)
FNDA:0,(anonymous_1)
DA:18,6
DA:34,6
DA:35,4
DA:36,4
DA:37,4
DA:40,0
LF:6
LH:5
BRDA:39,0,0,1
BRDA:39,0,1,3
BRDA:40,1,0,0
BRDA:40,1,1,0
BRDA:45,2,0,1
BRDA:45,2,1,3
BRF:6
BRH:4
end_of_record
TN:
SF:src\components\closed-stack\ClosedStack.js
FN:4,(anonymous_0)
FNF:1
FNH:1
FNDA:36,(anonymous_0)
DA:4,5
DA:5,36
LF:2
LH:2
BRF:0
BRH:0
end_of_record
TN:
SF:src\components\game-ui\GameUi.js
FN:20,(anonymous_0)
FN:28,(anonymous_1)
FN:34,(anonymous_2)
FN:40,(anonymous_3)
FN:50,(anonymous_4)
FN:54,(anonymous_5)
FN:62,(anonymous_6)
FNF:7
FNH:3
FNDA:312,(anonymous_0)
FNDA:3,(anonymous_1)
FNDA:3,(anonymous_2)
FNDA:0,(anonymous_3)
FNDA:0,(anonymous_4)
FNDA:0,(anonymous_5)
FNDA:0,(anonymous_6)
DA:8,3
DA:9,3
DA:20,312
DA:28,3
DA:29,3
DA:30,3
DA:31,3
DA:32,3
DA:33,3
DA:34,3
DA:35,3
DA:36,0
DA:40,3
DA:41,0
DA:42,0
DA:43,0
DA:45,0
DA:46,0
DA:47,0
DA:50,3
DA:51,0
DA:54,3
DA:55,0
DA:58,3
DA:63,0
LF:25
LH:15
BRDA:35,0,0,0
BRDA:35,0,1,3
BRDA:41,1,0,0
BRDA:41,1,1,0
BRF:4
BRH:1
end_of_record
TN:
SF:src\components\main\Main.js
FN:5,(anonymous_0)
FNF:1
FNH:1
FNDA:2,(anonymous_0)
DA:5,2
DA:6,2
LF:2
LH:2
BRF:0
BRH:0
end_of_record
TN:
SF:src\components\place-holder\PlaceHolder.js
FN:4,(anonymous_0)
FNF:1
FNH:1
FNDA:1,(anonymous_0)
DA:4,6
DA:5,1
LF:2
LH:2
BRF:0
BRH:0
end_of_record
TN:
SF:src\components\stack\Stack.js
FN:7,(anonymous_0)
FN:8,(anonymous_1)
FN:22,(anonymous_2)
FN:31,(anonymous_3)
FNF:4
FNH:2
FNDA:1,(anonymous_0)
FNDA:0,(anonymous_1)
FNDA:0,(anonymous_2)
FNDA:2,(anonymous_3)
DA:7,5
DA:8,1
DA:9,0
DA:10,0
DA:11,0
DA:12,0
DA:13,0
DA:14,0
DA:16,0
DA:18,0
DA:22,1
DA:23,0
DA:24,0
DA:29,1
DA:32,2
LF:15
LH:5
BRDA:9,0,0,0
BRDA:9,0,1,0
BRDA:10,1,0,0
BRDA:10,1,1,0
BRDA:13,2,0,0
BRDA:13,2,1,0
BRDA:23,3,0,0
BRDA:23,3,1,0
BRDA:41,4,0,1
BRDA:41,4,1,0
BRF:10
BRH:1
end_of_record
TN:
SF:src\components\stack-holder\StackHolder.js
FN:4,(anonymous_0)
FNF:1
FNH:1
FNDA:34,(anonymous_0)
DA:4,5
DA:5,34
LF:2
LH:2
BRDA:5,0,0,9
BRDA:5,0,1,25
BRF:2
BRH:2
end_of_record
TN:
SF:src\components\top-board\TopBoard.js
FN:7,(anonymous_0)
FN:12,(anonymous_1)
FN:13,(anonymous_2)
FN:17,(anonymous_3)
FNF:4
FNH:3
FNDA:4,(anonymous_0)
FNDA:35,(anonymous_1)
FNDA:0,(anonymous_2)
FNDA:32,(anonymous_3)
DA:7,4
DA:8,4
DA:9,4
DA:13,35
DA:18,32
LF:5
LH:5
BRDA:13,0,0,0
BRDA:13,0,1,35
BRF:2
BRH:1
end_of_record
TN:
SF:src\test\fileMock.js
FNF:0
FNH:0
DA:1,6
LF:1
LH:1
BRF:0
BRH:0
end_of_record
TN:
SF:src\test\styleMock.js
FNF:0
FNH:0
DA:1,11
LF:1
LH:1
BRF:0
BRH:0
end_of_record
